app/build/intermediates/manifest_merge_blame_file/debug/manifest-merger-blame-debug-report.txt
1<?xml version="1.0" encoding="utf-8"?>
2<manifest xmlns:android="http://schemas.android.com/apk/res/android"
3    package="com.example.android.depressiontest"
4    android:versionCode="1"
5    android:versionName="1.0" >
6
7    <uses-sdk
8        android:minSdkVersion="15"
8-->src\main\AndroidManifest.xml
9        android:targetSdkVersion="26" />
9-->src\main\AndroidManifest.xml
10
11    <uses-permission android:name="android.permission.WRITE_EXTERNAL_STORAGE" />
11-->src\main\AndroidManifest.xml:4:5-80
11-->src\main\AndroidManifest.xml:4:22-78
12    <uses-permission android:name="android.permission.READ_EXTERNAL_STORAGE" />
12-->src\main\AndroidManifest.xml:5:5-79
12-->src\main\AndroidManifest.xml:5:22-77
13    <uses-permission android:name="android.permission.RECORD_AUDIO" />
13-->src\main\AndroidManifest.xml:6:5-70
13-->src\main\AndroidManifest.xml:6:22-68
14    <uses-permission android:name="android.permission.INTERNET" />
14-->src\main\AndroidManifest.xml:7:5-66
14-->src\main\AndroidManifest.xml:7:22-64
15
16    <application
16-->src\main\AndroidManifest.xml:9:5-31:19
17        android:allowBackup="true"
17-->src\main\AndroidManifest.xml:10:9-35
18        android:debuggable="true"
19        android:icon="@mipmap/ic_launcher"
19-->src\main\AndroidManifest.xml:11:9-43
20        android:label="@string/app_name"
20-->src\main\AndroidManifest.xml:12:9-41
21        android:roundIcon="@mipmap/ic_launcher_round"
21-->src\main\AndroidManifest.xml:13:9-54
22        android:supportsRtl="true"
22-->src\main\AndroidManifest.xml:14:9-35
23        android:testOnly="true"
24        android:theme="@style/AppTheme" >
24-->src\main\AndroidManifest.xml:15:9-40
25        <activity
25-->src\main\AndroidManifest.xml:16:9-24:20
26            android:name="com.example.android.depressiontest.MainActivity"
26-->src\main\AndroidManifest.xml:16:19-47
27            android:theme="@style/AppTheme.NoActionBar"
27-->src\main\AndroidManifest.xml:18:13-56
28            android:windowSoftInputMode="stateHidden" >
28-->src\main\AndroidManifest.xml:17:13-54
29            <intent-filter>
29-->src\main\AndroidManifest.xml:19:13-23:29
30                <action android:name="android.intent.action.MAIN" />
30-->src\main\AndroidManifest.xml:20:17-69
30-->src\main\AndroidManifest.xml:20:25-66
31
32                <category android:name="android.intent.category.LAUNCHER" />
32-->src\main\AndroidManifest.xml:22:17-77
32-->src\main\AndroidManifest.xml:22:27-74
33            </intent-filter>
34        </activity>
35        <activity android:name="com.example.android.depressiontest.StartActivity" />
35-->src\main\AndroidManifest.xml:25:9-51
35-->src\main\AndroidManifest.xml:25:19-48
36        <activity android:name="com.example.android.depressiontest.ReccomendActivity" />
36-->src\main\AndroidManifest.xml:26:9-55
36-->src\main\AndroidManifest.xml:26:19-52
37        <activity android:name="com.example.android.depressiontest.QuestionActivity" />
37-->src\main\AndroidManifest.xml:27:9-54
37-->src\main\AndroidManifest.xml:27:19-51
38        <activity android:name="com.example.android.depressiontest.ResultActivity" />
38-->src\main\AndroidManifest.xml:28:9-52
38-->src\main\AndroidManifest.xml:28:19-49
39        <activity android:name="com.example.android.depressiontest.VoiceActivity" />
39-->src\main\AndroidManifest.xml:29:9-51
39-->src\main\AndroidManifest.xml:29:19-48
40
41        <meta-data
41-->[com.android.support:design:26.1.0] AndroidManifest.xml:26:9-28:38
42            android:name="android.support.VERSION"
42-->[com.android.support:design:26.1.0] AndroidManifest.xml:27:13-51
43            android:value="26.1.0" />
43-->[com.android.support:design:26.1.0] AndroidManifest.xml:28:13-35
44        <meta-data
44-->[android.arch.lifecycle:runtime:1.0.0] AndroidManifest.xml:25:9-27:47
45            android:name="android.arch.lifecycle.VERSION"
45-->[android.arch.lifecycle:runtime:1.0.0] AndroidManifest.xml:26:13-58
46            android:value="27.0.0-SNAPSHOT" />
46-->[android.arch.lifecycle:runtime:1.0.0] AndroidManifest.xml:27:13-44
47    </application>
48
49</manifest>